Analysis & Synthesis report for riscvsingle
Tue Jul 30 21:05:16 2024
Quartus Prime Version 20.1.1 Build 720 11/11/2020 SJ Lite Edition


---------------------
; Table of Contents ;
---------------------
  1. Legal Notice
  2. Analysis & Synthesis Summary
  3. Analysis & Synthesis Settings
  4. Parallel Compilation
  5. Analysis & Synthesis Messages



----------------
; Legal Notice ;
----------------
Copyright (C) 2020  Intel Corporation. All rights reserved.
Your use of Intel Corporation's design tools, logic functions 
and other software and tools, and any partner logic 
functions, and any output files from any of the foregoing 
(including device programming or simulation files), and any 
associated documentation or information are expressly subject 
to the terms and conditions of the Intel Program License 
Subscription Agreement, the Intel Quartus Prime License Agreement,
the Intel FPGA IP License Agreement, or other applicable license
agreement, including, without limitation, that your use is for
the sole purpose of programming logic devices manufactured by
Intel and sold by Intel or its authorized distributors.  Please
refer to the applicable agreement for further details, at
https://fpgasoftware.intel.com/eula.



+----------------------------------------------------------------------------------+
; Analysis & Synthesis Summary                                                     ;
+------------------------------------+---------------------------------------------+
; Analysis & Synthesis Status        ; Failed - Tue Jul 30 21:05:16 2024           ;
; Quartus Prime Version              ; 20.1.1 Build 720 11/11/2020 SJ Lite Edition ;
; Revision Name                      ; riscvsingle                                 ;
; Top-level Entity Name              ; top                                         ;
; Family                             ; MAX 10                                      ;
; Total logic elements               ; N/A until Partition Merge                   ;
;     Total combinational functions  ; N/A until Partition Merge                   ;
;     Dedicated logic registers      ; N/A until Partition Merge                   ;
; Total registers                    ; N/A until Partition Merge                   ;
; Total pins                         ; N/A until Partition Merge                   ;
; Total virtual pins                 ; N/A until Partition Merge                   ;
; Total memory bits                  ; N/A until Partition Merge                   ;
; Embedded Multiplier 9-bit elements ; N/A until Partition Merge                   ;
; Total PLLs                         ; N/A until Partition Merge                   ;
; UFM blocks                         ; N/A until Partition Merge                   ;
; ADC blocks                         ; N/A until Partition Merge                   ;
+------------------------------------+---------------------------------------------+


+------------------------------------------------------------------------------------------------------------+
; Analysis & Synthesis Settings                                                                              ;
+------------------------------------------------------------------+--------------------+--------------------+
; Option                                                           ; Setting            ; Default Value      ;
+------------------------------------------------------------------+--------------------+--------------------+
; Device                                                           ; 10M50DAF256C7G     ;                    ;
; Top-level entity name                                            ; top                ; riscvsingle        ;
; Family name                                                      ; MAX 10             ; Cyclone V          ;
; VHDL Show LMF Mapping Messages                                   ; Off                ;                    ;
; VHDL Version                                                     ; VHDL_2008          ; VHDL_1993          ;
; Use smart compilation                                            ; Off                ; Off                ;
; Enable parallel Assembler and Timing Analyzer during compilation ; On                 ; On                 ;
; Enable compact report table                                      ; Off                ; Off                ;
; Restructure Multiplexers                                         ; Auto               ; Auto               ;
; Create Debugging Nodes for IP Cores                              ; Off                ; Off                ;
; Preserve fewer node names                                        ; On                 ; On                 ;
; Intel FPGA IP Evaluation Mode                                    ; Enable             ; Enable             ;
; Verilog Version                                                  ; Verilog_2001       ; Verilog_2001       ;
; State Machine Processing                                         ; Auto               ; Auto               ;
; Safe State Machine                                               ; Off                ; Off                ;
; Extract Verilog State Machines                                   ; On                 ; On                 ;
; Extract VHDL State Machines                                      ; On                 ; On                 ;
; Ignore Verilog initial constructs                                ; Off                ; Off                ;
; Iteration limit for constant Verilog loops                       ; 5000               ; 5000               ;
; Iteration limit for non-constant Verilog loops                   ; 250                ; 250                ;
; Add Pass-Through Logic to Inferred RAMs                          ; On                 ; On                 ;
; Infer RAMs from Raw Logic                                        ; On                 ; On                 ;
; Parallel Synthesis                                               ; On                 ; On                 ;
; DSP Block Balancing                                              ; Auto               ; Auto               ;
; NOT Gate Push-Back                                               ; On                 ; On                 ;
; Power-Up Don't Care                                              ; On                 ; On                 ;
; Remove Redundant Logic Cells                                     ; Off                ; Off                ;
; Remove Duplicate Registers                                       ; On                 ; On                 ;
; Ignore CARRY Buffers                                             ; Off                ; Off                ;
; Ignore CASCADE Buffers                                           ; Off                ; Off                ;
; Ignore GLOBAL Buffers                                            ; Off                ; Off                ;
; Ignore ROW GLOBAL Buffers                                        ; Off                ; Off                ;
; Ignore LCELL Buffers                                             ; Off                ; Off                ;
; Ignore SOFT Buffers                                              ; On                 ; On                 ;
; Limit AHDL Integers to 32 Bits                                   ; Off                ; Off                ;
; Optimization Technique                                           ; Balanced           ; Balanced           ;
; Carry Chain Length                                               ; 70                 ; 70                 ;
; Auto Carry Chains                                                ; On                 ; On                 ;
; Auto Open-Drain Pins                                             ; On                 ; On                 ;
; Perform WYSIWYG Primitive Resynthesis                            ; Off                ; Off                ;
; Auto ROM Replacement                                             ; On                 ; On                 ;
; Auto RAM Replacement                                             ; On                 ; On                 ;
; Auto DSP Block Replacement                                       ; On                 ; On                 ;
; Auto Shift Register Replacement                                  ; Auto               ; Auto               ;
; Allow Shift Register Merging across Hierarchies                  ; Auto               ; Auto               ;
; Auto Clock Enable Replacement                                    ; On                 ; On                 ;
; Strict RAM Replacement                                           ; Off                ; Off                ;
; Allow Synchronous Control Signals                                ; On                 ; On                 ;
; Force Use of Synchronous Clear Signals                           ; Off                ; Off                ;
; Auto RAM Block Balancing                                         ; On                 ; On                 ;
; Auto RAM to Logic Cell Conversion                                ; Off                ; Off                ;
; Auto Resource Sharing                                            ; Off                ; Off                ;
; Allow Any RAM Size For Recognition                               ; Off                ; Off                ;
; Allow Any ROM Size For Recognition                               ; Off                ; Off                ;
; Allow Any Shift Register Size For Recognition                    ; Off                ; Off                ;
; Use LogicLock Constraints during Resource Balancing              ; On                 ; On                 ;
; Ignore translate_off and synthesis_off directives                ; Off                ; Off                ;
; Timing-Driven Synthesis                                          ; On                 ; On                 ;
; Report Parameter Settings                                        ; On                 ; On                 ;
; Report Source Assignments                                        ; On                 ; On                 ;
; Report Connectivity Checks                                       ; On                 ; On                 ;
; Ignore Maximum Fan-Out Assignments                               ; Off                ; Off                ;
; Synchronization Register Chain Length                            ; 2                  ; 2                  ;
; Power Optimization During Synthesis                              ; Normal compilation ; Normal compilation ;
; HDL message level                                                ; Level2             ; Level2             ;
; Suppress Register Optimization Related Messages                  ; Off                ; Off                ;
; Number of Removed Registers Reported in Synthesis Report         ; 5000               ; 5000               ;
; Number of Swept Nodes Reported in Synthesis Report               ; 5000               ; 5000               ;
; Number of Inverted Registers Reported in Synthesis Report        ; 100                ; 100                ;
; Clock MUX Protection                                             ; On                 ; On                 ;
; Auto Gated Clock Conversion                                      ; Off                ; Off                ;
; Block Design Naming                                              ; Auto               ; Auto               ;
; SDC constraint protection                                        ; Off                ; Off                ;
; Synthesis Effort                                                 ; Auto               ; Auto               ;
; Shift Register Replacement - Allow Asynchronous Clear Signal     ; On                 ; On                 ;
; Pre-Mapping Resynthesis Optimization                             ; Off                ; Off                ;
; Analysis & Synthesis Message Level                               ; Medium             ; Medium             ;
; Disable Register Merging Across Hierarchies                      ; Auto               ; Auto               ;
; Resource Aware Inference For Block RAM                           ; On                 ; On                 ;
+------------------------------------------------------------------+--------------------+--------------------+


+------------------------------------------+
; Parallel Compilation                     ;
+----------------------------+-------------+
; Processors                 ; Number      ;
+----------------------------+-------------+
; Number detected on machine ; 8           ;
; Maximum allowed            ; 4           ;
;                            ;             ;
; Average used               ; 1.00        ;
; Maximum used               ; 1           ;
;                            ;             ;
; Usage by Processor         ; % Time Used ;
;     Processor 1            ; 100.0%      ;
+----------------------------+-------------+


+-------------------------------+
; Analysis & Synthesis Messages ;
+-------------------------------+
Info: *******************************************************************
Info: Running Quartus Prime Analysis & Synthesis
    Info: Version 20.1.1 Build 720 11/11/2020 SJ Lite Edition
    Info: Processing started: Tue Jul 30 21:05:08 2024
Info: Command: quartus_map --read_settings_files=on --write_settings_files=off riscvsingle -c riscvsingle
Warning (18236): Number of processors has not been specified which may cause overloading on shared machines.  Set the global assignment NUM_PARALLEL_PROCESSORS in your QSF to an appropriate value for best performance.
Info (20030): Parallel compilation is enabled and will use 4 of the 4 processors detected
Info (12021): Found 2 design units, including 1 entities, in source file /riscvsingle/src/mux2.vhd
    Info (12022): Found design unit 1: mux2-behavior File: E:/riscvsingle/src/mux2.vhd Line: 19
    Info (12023): Found entity 1: mux2 File: E:/riscvsingle/src/mux2.vhd Line: 8
Info (12021): Found 2 design units, including 1 entities, in source file /riscvsingle/src/mux3.vhd
    Info (12022): Found design unit 1: mux3-behavior File: E:/riscvsingle/src/mux3.vhd Line: 19
    Info (12023): Found entity 1: mux3 File: E:/riscvsingle/src/mux3.vhd Line: 8
Info (12021): Found 2 design units, including 1 entities, in source file /riscvsingle/src/flopr.vhd
    Info (12022): Found design unit 1: flopr-behaviour File: E:/riscvsingle/src/flopr.vhd Line: 19
    Info (12023): Found entity 1: flopr File: E:/riscvsingle/src/flopr.vhd Line: 8
Info (12021): Found 2 design units, including 1 entities, in source file /riscvsingle/src/adder.vhd
    Info (12022): Found design unit 1: adder-behaviour File: E:/riscvsingle/src/adder.vhd Line: 20
    Info (12023): Found entity 1: adder File: E:/riscvsingle/src/adder.vhd Line: 8
Info (12021): Found 2 design units, including 1 entities, in source file /riscvsingle/src/som_1a.vhd
    Info (12022): Found design unit 1: som_1a-soma File: E:/riscvsingle/src/som_1a.vhd Line: 6
    Info (12023): Found entity 1: som_1a File: E:/riscvsingle/src/som_1a.vhd Line: 1
Info (12021): Found 2 design units, including 1 entities, in source file /riscvsingle/src/alu.vhd
    Info (12022): Found design unit 1: alu-behaviour File: E:/riscvsingle/src/alu.vhd Line: 13
    Info (12023): Found entity 1: alu File: E:/riscvsingle/src/alu.vhd Line: 1
Info (12021): Found 2 design units, including 0 entities, in source file /riscvsingle/src/riscv_pkg.vhd
    Info (12022): Found design unit 1: riscv_pkg File: E:/riscvsingle/src/riscv_pkg.vhd Line: 7
    Info (12022): Found design unit 2: riscv_pkg-body File: E:/riscvsingle/src/riscv_pkg.vhd Line: 201
Info (12021): Found 2 design units, including 1 entities, in source file /riscvsingle/src/regfile.vhd
    Info (12022): Found design unit 1: regfile-behavior File: E:/riscvsingle/src/regfile.vhd Line: 17
    Info (12023): Found entity 1: regfile File: E:/riscvsingle/src/regfile.vhd Line: 4
Info (12021): Found 2 design units, including 1 entities, in source file /riscvsingle/src/extend.vhd
    Info (12022): Found design unit 1: extend-behave File: E:/riscvsingle/src/extend.vhd Line: 16
    Info (12023): Found entity 1: extend File: E:/riscvsingle/src/extend.vhd Line: 4
Info (12021): Found 2 design units, including 1 entities, in source file /riscvsingle/src/aludec.vhd
    Info (12022): Found design unit 1: aludec-behavior File: E:/riscvsingle/src/aludec.vhd Line: 14
    Info (12023): Found entity 1: aludec File: E:/riscvsingle/src/aludec.vhd Line: 4
Info (12021): Found 2 design units, including 1 entities, in source file /riscvsingle/src/controller.vhd
    Info (12022): Found design unit 1: controller-struct File: E:/riscvsingle/src/controller.vhd Line: 20
    Info (12023): Found entity 1: controller File: E:/riscvsingle/src/controller.vhd Line: 4
Info (12021): Found 2 design units, including 1 entities, in source file /riscvsingle/src/datapath.vhd
    Info (12022): Found design unit 1: datapath-struct File: E:/riscvsingle/src/datapath.vhd Line: 21
    Info (12023): Found entity 1: datapath File: E:/riscvsingle/src/datapath.vhd Line: 4
Info (12021): Found 2 design units, including 1 entities, in source file /riscvsingle/src/dmem.vhd
    Info (12022): Found design unit 1: dmem-behave File: E:/riscvsingle/src/dmem.vhd Line: 15
    Info (12023): Found entity 1: dmem File: E:/riscvsingle/src/dmem.vhd Line: 6
Info (12021): Found 2 design units, including 1 entities, in source file /riscvsingle/src/imem.vhd
    Info (12022): Found design unit 1: imem-behave File: E:/riscvsingle/src/imem.vhd Line: 17
    Info (12023): Found entity 1: imem File: E:/riscvsingle/src/imem.vhd Line: 9
Info (12021): Found 2 design units, including 1 entities, in source file /riscvsingle/src/maindec.vhd
    Info (12022): Found design unit 1: maindec-behave File: E:/riscvsingle/src/maindec.vhd Line: 17
    Info (12023): Found entity 1: maindec File: E:/riscvsingle/src/maindec.vhd Line: 4
Info (12021): Found 2 design units, including 1 entities, in source file /riscvsingle/src/riscvsingle.vhd
    Info (12022): Found design unit 1: riscvsingle-struct File: E:/riscvsingle/src/riscvsingle.vhd Line: 16
    Info (12023): Found entity 1: riscvsingle File: E:/riscvsingle/src/riscvsingle.vhd Line: 4
Info (12021): Found 2 design units, including 1 entities, in source file /riscvsingle/src/testbench.vhd
    Info (12022): Found design unit 1: testbench-test File: E:/riscvsingle/src/testbench.vhd Line: 10
    Info (12023): Found entity 1: testbench File: E:/riscvsingle/src/testbench.vhd Line: 4
Info (12021): Found 2 design units, including 1 entities, in source file /riscvsingle/src/top.vhd
    Info (12022): Found design unit 1: top-test File: E:/riscvsingle/src/top.vhd Line: 13
    Info (12023): Found entity 1: top File: E:/riscvsingle/src/top.vhd Line: 4
Info (12127): Elaborating entity "top" for the top level hierarchy
Info (12128): Elaborating entity "riscvsingle" for hierarchy "riscvsingle:rvsingle" File: E:/riscvsingle/src/top.vhd Line: 35
Warning (10036): Verilog HDL or VHDL warning at riscvsingle.vhd(42): object "Jump" assigned a value but never read File: E:/riscvsingle/src/riscvsingle.vhd Line: 42
Info (12128): Elaborating entity "controller" for hierarchy "riscvsingle:rvsingle|controller:c" File: E:/riscvsingle/src/riscvsingle.vhd Line: 46
Info (12128): Elaborating entity "maindec" for hierarchy "riscvsingle:rvsingle|controller:c|maindec:md" File: E:/riscvsingle/src/controller.vhd Line: 41
Info (12128): Elaborating entity "aludec" for hierarchy "riscvsingle:rvsingle|controller:c|aludec:ad" File: E:/riscvsingle/src/controller.vhd Line: 43
Info (12128): Elaborating entity "datapath" for hierarchy "riscvsingle:rvsingle|datapath:dp" File: E:/riscvsingle/src/riscvsingle.vhd Line: 50
Info (12128): Elaborating entity "flopr" for hierarchy "riscvsingle:rvsingle|datapath:dp|flopr:pcreg" File: E:/riscvsingle/src/datapath.vhd Line: 66
Info (12128): Elaborating entity "adder" for hierarchy "riscvsingle:rvsingle|datapath:dp|adder:pcadd4" File: E:/riscvsingle/src/datapath.vhd Line: 67
Info (12128): Elaborating entity "som_1a" for hierarchy "riscvsingle:rvsingle|datapath:dp|adder:pcadd4|som_1a:\adders:1:inst" File: E:/riscvsingle/src/adder.vhd Line: 29
Info (12128): Elaborating entity "mux2" for hierarchy "riscvsingle:rvsingle|datapath:dp|mux2:pcmux" File: E:/riscvsingle/src/datapath.vhd Line: 69
Info (10041): Inferred latch for "y[0]" at mux2.vhd(21) File: E:/riscvsingle/src/mux2.vhd Line: 21
Info (10041): Inferred latch for "y[1]" at mux2.vhd(21) File: E:/riscvsingle/src/mux2.vhd Line: 21
Info (10041): Inferred latch for "y[2]" at mux2.vhd(21) File: E:/riscvsingle/src/mux2.vhd Line: 21
Info (10041): Inferred latch for "y[3]" at mux2.vhd(21) File: E:/riscvsingle/src/mux2.vhd Line: 21
Info (10041): Inferred latch for "y[4]" at mux2.vhd(21) File: E:/riscvsingle/src/mux2.vhd Line: 21
Info (10041): Inferred latch for "y[5]" at mux2.vhd(21) File: E:/riscvsingle/src/mux2.vhd Line: 21
Info (10041): Inferred latch for "y[6]" at mux2.vhd(21) File: E:/riscvsingle/src/mux2.vhd Line: 21
Info (10041): Inferred latch for "y[7]" at mux2.vhd(21) File: E:/riscvsingle/src/mux2.vhd Line: 21
Info (10041): Inferred latch for "y[8]" at mux2.vhd(21) File: E:/riscvsingle/src/mux2.vhd Line: 21
Info (10041): Inferred latch for "y[9]" at mux2.vhd(21) File: E:/riscvsingle/src/mux2.vhd Line: 21
Info (10041): Inferred latch for "y[10]" at mux2.vhd(21) File: E:/riscvsingle/src/mux2.vhd Line: 21
Info (10041): Inferred latch for "y[11]" at mux2.vhd(21) File: E:/riscvsingle/src/mux2.vhd Line: 21
Info (10041): Inferred latch for "y[12]" at mux2.vhd(21) File: E:/riscvsingle/src/mux2.vhd Line: 21
Info (10041): Inferred latch for "y[13]" at mux2.vhd(21) File: E:/riscvsingle/src/mux2.vhd Line: 21
Info (10041): Inferred latch for "y[14]" at mux2.vhd(21) File: E:/riscvsingle/src/mux2.vhd Line: 21
Info (10041): Inferred latch for "y[15]" at mux2.vhd(21) File: E:/riscvsingle/src/mux2.vhd Line: 21
Info (10041): Inferred latch for "y[16]" at mux2.vhd(21) File: E:/riscvsingle/src/mux2.vhd Line: 21
Info (10041): Inferred latch for "y[17]" at mux2.vhd(21) File: E:/riscvsingle/src/mux2.vhd Line: 21
Info (10041): Inferred latch for "y[18]" at mux2.vhd(21) File: E:/riscvsingle/src/mux2.vhd Line: 21
Info (10041): Inferred latch for "y[19]" at mux2.vhd(21) File: E:/riscvsingle/src/mux2.vhd Line: 21
Info (10041): Inferred latch for "y[20]" at mux2.vhd(21) File: E:/riscvsingle/src/mux2.vhd Line: 21
Info (10041): Inferred latch for "y[21]" at mux2.vhd(21) File: E:/riscvsingle/src/mux2.vhd Line: 21
Info (10041): Inferred latch for "y[22]" at mux2.vhd(21) File: E:/riscvsingle/src/mux2.vhd Line: 21
Info (10041): Inferred latch for "y[23]" at mux2.vhd(21) File: E:/riscvsingle/src/mux2.vhd Line: 21
Info (10041): Inferred latch for "y[24]" at mux2.vhd(21) File: E:/riscvsingle/src/mux2.vhd Line: 21
Info (10041): Inferred latch for "y[25]" at mux2.vhd(21) File: E:/riscvsingle/src/mux2.vhd Line: 21
Info (10041): Inferred latch for "y[26]" at mux2.vhd(21) File: E:/riscvsingle/src/mux2.vhd Line: 21
Info (10041): Inferred latch for "y[27]" at mux2.vhd(21) File: E:/riscvsingle/src/mux2.vhd Line: 21
Info (10041): Inferred latch for "y[28]" at mux2.vhd(21) File: E:/riscvsingle/src/mux2.vhd Line: 21
Info (10041): Inferred latch for "y[29]" at mux2.vhd(21) File: E:/riscvsingle/src/mux2.vhd Line: 21
Info (10041): Inferred latch for "y[30]" at mux2.vhd(21) File: E:/riscvsingle/src/mux2.vhd Line: 21
Info (10041): Inferred latch for "y[31]" at mux2.vhd(21) File: E:/riscvsingle/src/mux2.vhd Line: 21
Info (12128): Elaborating entity "regfile" for hierarchy "riscvsingle:rvsingle|datapath:dp|regfile:rf" File: E:/riscvsingle/src/datapath.vhd Line: 72
Info (12128): Elaborating entity "extend" for hierarchy "riscvsingle:rvsingle|datapath:dp|extend:ext" File: E:/riscvsingle/src/datapath.vhd Line: 75
Info (12128): Elaborating entity "alu" for hierarchy "riscvsingle:rvsingle|datapath:dp|alu:mainalu" File: E:/riscvsingle/src/datapath.vhd Line: 79
Info (12128): Elaborating entity "mux3" for hierarchy "riscvsingle:rvsingle|datapath:dp|mux3:resultmux" File: E:/riscvsingle/src/datapath.vhd Line: 80
Info (12128): Elaborating entity "imem" for hierarchy "imem:imem1" File: E:/riscvsingle/src/top.vhd Line: 38
Warning (10492): VHDL Process Statement warning at imem.vhd(44): signal "mem" is read inside the Process Statement but isn't in the Process Statement's sensitivity list File: E:/riscvsingle/src/imem.vhd Line: 44
Error (10385): VHDL error at riscv_pkg.vhd(234): index value 0 is outside the range (31 downto 2) of object "input" File: E:/riscvsingle/src/riscv_pkg.vhd Line: 234
Error (10658): VHDL Operator error at riscv_pkg.vhd(234): failed to evaluate call to operator ""="" File: E:/riscvsingle/src/riscv_pkg.vhd Line: 234
Error (10657): VHDL Subprogram error at imem.vhd(44):  failed to elaborate call to subprogram "to_integer" File: E:/riscvsingle/src/imem.vhd Line: 44
Error (12152): Can't elaborate user hierarchy "imem:imem1" File: E:/riscvsingle/src/top.vhd Line: 38
Error: Quartus Prime Analysis & Synthesis was unsuccessful. 4 errors, 3 warnings
    Error: Peak virtual memory: 4778 megabytes
    Error: Processing ended: Tue Jul 30 21:05:16 2024
    Error: Elapsed time: 00:00:08
    Error: Total CPU time (on all processors): 00:00:20


